Android/app/build/intermediates/manifest_merge_blame_file/debug/manifest-merger-blame-debug-report.txt
1<?xml version="1.0" encoding="utf-8"?>
2<manifest xmlns:android="http://schemas.android.com/apk/res/android"
3    package="com.example.android"
4    android:versionCode="1"
5    android:versionName="1.0" >
6
7    <uses-sdk
8        android:minSdkVersion="23"
8-->src\main\AndroidManifest.xml
9        android:targetSdkVersion="33" />
9-->src\main\AndroidManifest.xml
10
11    <uses-permission android:name="android.permission.INTERNET" />
11-->src\main\AndroidManifest.xml:5:5-67
11-->src\main\AndroidManifest.xml:5:22-64
12    <uses-permission android:name="android.permission.ACCESS_WIFI_STATE" />
12-->src\main\AndroidManifest.xml:6:5-76
12-->src\main\AndroidManifest.xml:6:22-73
13    <uses-permission android:name="android.permission.ACCESS_NETWORK_STATE" />
13-->src\main\AndroidManifest.xml:7:5-79
13-->src\main\AndroidManifest.xml:7:22-76
14    <uses-permission android:name="android.permission.BLUETOOTH_CONNECT" />
14-->[com.github.TistoW:MyHelper:2.0.32] AndroidManifest.xml:10:5-76
14-->[com.github.TistoW:MyHelper:2.0.32] AndroidManifest.xml:10:22-73
15    <uses-permission android:name="android.permission.READ_PRIVILEGED_PHONE_STATE" />
15-->[com.github.TistoW:MyHelper:2.0.32] AndroidManifest.xml:14:5-16:47
15-->[com.github.TistoW:MyHelper:2.0.32] AndroidManifest.xml:15:9-70
16    <uses-permission android:name="android.permission.ACCESS_COARSE_LOCATION" />
16-->[com.github.TistoW:MyHelper:2.0.32] AndroidManifest.xml:17:5-81
16-->[com.github.TistoW:MyHelper:2.0.32] AndroidManifest.xml:17:22-78
17    <uses-permission android:name="android.permission.ACCESS_FINE_LOCATION" />
17-->[com.github.TistoW:MyHelper:2.0.32] AndroidManifest.xml:18:5-79
17-->[com.github.TistoW:MyHelper:2.0.32] AndroidManifest.xml:18:22-76
18
19    <queries>
19-->[com.github.dhaval2404:imagepicker:2.1] AndroidManifest.xml:9:5-19:15
20
21        <!-- Query Camera Packages -->
22        <intent>
22-->[com.github.dhaval2404:imagepicker:2.1] AndroidManifest.xml:12:9-14:18
23            <action android:name="android.media.action.IMAGE_CAPTURE" />
23-->[com.github.dhaval2404:imagepicker:2.1] AndroidManifest.xml:13:13-73
23-->[com.github.dhaval2404:imagepicker:2.1] AndroidManifest.xml:13:21-70
24        </intent>
25        <!-- Query Open Document -->
26        <intent>
26-->[com.github.dhaval2404:imagepicker:2.1] AndroidManifest.xml:16:9-18:18
27            <action android:name="android.intent.action.OPEN_DOCUMENT_TREE" />
27-->[com.github.dhaval2404:imagepicker:2.1] AndroidManifest.xml:17:13-79
27-->[com.github.dhaval2404:imagepicker:2.1] AndroidManifest.xml:17:21-76
28        </intent>
29    </queries>
30
31    <permission
31-->[androidx.core:core:1.10.1] AndroidManifest.xml:22:5-24:47
32        android:name="com.example.android.DYNAMIC_RECEIVER_NOT_EXPORTED_PERMISSION"
32-->[androidx.core:core:1.10.1] AndroidManifest.xml:23:9-81
33        android:protectionLevel="signature" />
33-->[androidx.core:core:1.10.1] AndroidManifest.xml:24:9-44
34
35    <uses-permission android:name="com.example.android.DYNAMIC_RECEIVER_NOT_EXPORTED_PERMISSION" />
35-->[androidx.core:core:1.10.1] AndroidManifest.xml:26:5-97
35-->[androidx.core:core:1.10.1] AndroidManifest.xml:26:22-94
36
37    <application
37-->src\main\AndroidManifest.xml:9:5-53:19
38        android:name="com.example.android.util.MyApp"
38-->src\main\AndroidManifest.xml:10:9-35
39        android:allowBackup="true"
39-->src\main\AndroidManifest.xml:11:9-35
40        android:appComponentFactory="androidx.core.app.CoreComponentFactory"
40-->[androidx.core:core:1.10.1] AndroidManifest.xml:28:18-86
41        android:dataExtractionRules="@xml/data_extraction_rules"
41-->src\main\AndroidManifest.xml:12:9-65
42        android:debuggable="true"
43        android:extractNativeLibs="false"
44        android:fullBackupContent="@xml/backup_rules"
44-->src\main\AndroidManifest.xml:13:9-54
45        android:icon="@mipmap/ic_launcher"
45-->src\main\AndroidManifest.xml:14:9-43
46        android:label="@string/app_name"
46-->src\main\AndroidManifest.xml:15:9-41
47        android:networkSecurityConfig="@xml/internet_security"
47-->src\main\AndroidManifest.xml:16:9-63
48        android:roundIcon="@mipmap/ic_launcher_round"
48-->src\main\AndroidManifest.xml:17:9-54
49        android:supportsRtl="true"
49-->src\main\AndroidManifest.xml:18:9-35
50        android:testOnly="true"
51        android:theme="@style/Theme.Android"
51-->src\main\AndroidManifest.xml:19:9-45
52        android:usesCleartextTraffic="true" >
52-->src\main\AndroidManifest.xml:20:9-44
53        <activity
53-->src\main\AndroidManifest.xml:22:9-30:20
54            android:name="com.example.android.SplashScreenActivity"
54-->src\main\AndroidManifest.xml:23:13-49
55            android:exported="true" >
55-->src\main\AndroidManifest.xml:24:13-36
56            <intent-filter>
56-->src\main\AndroidManifest.xml:25:13-29:29
57                <action android:name="android.intent.action.MAIN" />
57-->src\main\AndroidManifest.xml:26:17-69
57-->src\main\AndroidManifest.xml:26:25-66
58
59                <category android:name="android.intent.category.LAUNCHER" />
59-->src\main\AndroidManifest.xml:28:17-77
59-->src\main\AndroidManifest.xml:28:27-74
60            </intent-filter>
61        </activity>
62        <activity
62-->src\main\AndroidManifest.xml:31:9-33:40
63            android:name="com.example.android.Code_Event_Activity"
63-->src\main\AndroidManifest.xml:32:13-48
64            android:exported="false" />
64-->src\main\AndroidManifest.xml:33:13-37
65        <activity
65-->src\main\AndroidManifest.xml:34:9-36:40
66            android:name="com.example.android.ui.auth.RegisterActivity"
66-->src\main\AndroidManifest.xml:35:13-53
67            android:exported="false" />
67-->src\main\AndroidManifest.xml:36:13-37
68        <activity
68-->src\main\AndroidManifest.xml:37:9-39:40
69            android:name="com.example.android.ui.auth.LoginActivity"
69-->src\main\AndroidManifest.xml:38:13-50
70            android:exported="false" />
70-->src\main\AndroidManifest.xml:39:13-37
71        <activity
71-->src\main\AndroidManifest.xml:40:9-42:40
72            android:name="com.example.android.AuthActivity"
72-->src\main\AndroidManifest.xml:41:13-41
73            android:exported="false" />
73-->src\main\AndroidManifest.xml:42:13-37
74        <activity
74-->src\main\AndroidManifest.xml:43:9-47:64
75            android:name="com.example.android.DashboardActivity"
75-->src\main\AndroidManifest.xml:44:13-46
76            android:exported="false"
76-->src\main\AndroidManifest.xml:45:13-37
77            android:label="@string/title_activity_dashboard"
77-->src\main\AndroidManifest.xml:46:13-61
78            android:theme="@style/Theme.Android.NoActionBar" />
78-->src\main\AndroidManifest.xml:47:13-61
79        <activity
79-->src\main\AndroidManifest.xml:48:9-52:20
80            android:name="com.example.android.MainActivity"
80-->src\main\AndroidManifest.xml:49:13-41
81            android:exported="false" >
81-->src\main\AndroidManifest.xml:50:13-37
82        </activity>
83
84        <provider
84-->[com.squareup.picasso:picasso:2.71828] AndroidManifest.xml:8:9-11:40
85            android:name="com.squareup.picasso.PicassoProvider"
85-->[com.squareup.picasso:picasso:2.71828] AndroidManifest.xml:9:13-64
86            android:authorities="com.example.android.com.squareup.picasso"
86-->[com.squareup.picasso:picasso:2.71828] AndroidManifest.xml:10:13-72
87            android:exported="false" />
87-->[com.squareup.picasso:picasso:2.71828] AndroidManifest.xml:11:13-37
88
89        <activity
89-->[com.github.dhaval2404:imagepicker:2.1] AndroidManifest.xml:22:9-25:68
90            android:name="com.github.dhaval2404.imagepicker.ImagePickerActivity"
90-->[com.github.dhaval2404:imagepicker:2.1] AndroidManifest.xml:23:13-81
91            android:screenOrientation="unspecified"
91-->[com.github.dhaval2404:imagepicker:2.1] AndroidManifest.xml:24:13-52
92            android:theme="@style/Theme.Transparent.ImagePicker" />
92-->[com.github.dhaval2404:imagepicker:2.1] AndroidManifest.xml:25:13-65
93        <activity
93-->[com.github.dhaval2404:imagepicker:2.1] AndroidManifest.xml:26:9-29:72
94            android:name="com.yalantis.ucrop.UCropActivity"
94-->[com.github.dhaval2404:imagepicker:2.1] AndroidManifest.xml:27:13-60
95            android:screenOrientation="portrait"
95-->[com.github.dhaval2404:imagepicker:2.1] AndroidManifest.xml:28:13-49
96            android:theme="@style/Theme.AppCompat.Light.NoActionBar" />
96-->[com.github.dhaval2404:imagepicker:2.1] AndroidManifest.xml:29:13-69
97
98        <provider
98-->[com.github.dhaval2404:imagepicker:2.1] AndroidManifest.xml:31:9-39:20
99            android:name="com.github.dhaval2404.imagepicker.ImagePickerFileProvider"
99-->[com.github.dhaval2404:imagepicker:2.1] AndroidManifest.xml:32:13-85
100            android:authorities="com.example.android.imagepicker.provider"
100-->[com.github.dhaval2404:imagepicker:2.1] AndroidManifest.xml:33:13-72
101            android:exported="false"
101-->[com.github.dhaval2404:imagepicker:2.1] AndroidManifest.xml:34:13-37
102            android:grantUriPermissions="true" >
102-->[com.github.dhaval2404:imagepicker:2.1] AndroidManifest.xml:35:13-47
103            <meta-data
103-->[com.github.dhaval2404:imagepicker:2.1] AndroidManifest.xml:36:13-38:71
104                android:name="android.support.FILE_PROVIDER_PATHS"
104-->[com.github.dhaval2404:imagepicker:2.1] AndroidManifest.xml:37:17-67
105                android:resource="@xml/image_picker_provider_paths" />
105-->[com.github.dhaval2404:imagepicker:2.1] AndroidManifest.xml:38:17-68
106        </provider>
107        <provider
107-->[androidx.emoji2:emoji2:1.2.0] AndroidManifest.xml:24:9-32:20
108            android:name="androidx.startup.InitializationProvider"
108-->[androidx.emoji2:emoji2:1.2.0] AndroidManifest.xml:25:13-67
109            android:authorities="com.example.android.androidx-startup"
109-->[androidx.emoji2:emoji2:1.2.0] AndroidManifest.xml:26:13-68
110            android:exported="false" >
110-->[androidx.emoji2:emoji2:1.2.0] AndroidManifest.xml:27:13-37
111            <meta-data
111-->[androidx.emoji2:emoji2:1.2.0] AndroidManifest.xml:29:13-31:52
112                android:name="androidx.emoji2.text.EmojiCompatInitializer"
112-->[androidx.emoji2:emoji2:1.2.0] AndroidManifest.xml:30:17-75
113                android:value="androidx.startup" />
113-->[androidx.emoji2:emoji2:1.2.0] AndroidManifest.xml:31:17-49
114            <meta-data
114-->[androidx.lifecycle:lifecycle-process:2.6.1] AndroidManifest.xml:29:13-31:52
115                android:name="androidx.lifecycle.ProcessLifecycleInitializer"
115-->[androidx.lifecycle:lifecycle-process:2.6.1] AndroidManifest.xml:30:17-78
116                android:value="androidx.startup" />
116-->[androidx.lifecycle:lifecycle-process:2.6.1] AndroidManifest.xml:31:17-49
117            <meta-data
117-->[androidx.profileinstaller:profileinstaller:1.3.0] AndroidManifest.xml:29:13-31:52
118                android:name="androidx.profileinstaller.ProfileInstallerInitializer"
118-->[androidx.profileinstaller:profileinstaller:1.3.0] AndroidManifest.xml:30:17-85
119                android:value="androidx.startup" />
119-->[androidx.profileinstaller:profileinstaller:1.3.0] AndroidManifest.xml:31:17-49
120        </provider>
121
122        <uses-library
122-->[androidx.window:window:1.0.0] AndroidManifest.xml:25:9-27:40
123            android:name="androidx.window.extensions"
123-->[androidx.window:window:1.0.0] AndroidManifest.xml:26:13-54
124            android:required="false" />
124-->[androidx.window:window:1.0.0] AndroidManifest.xml:27:13-37
125        <uses-library
125-->[androidx.window:window:1.0.0] AndroidManifest.xml:28:9-30:40
126            android:name="androidx.window.sidecar"
126-->[androidx.window:window:1.0.0] AndroidManifest.xml:29:13-51
127            android:required="false" />
127-->[androidx.window:window:1.0.0] AndroidManifest.xml:30:13-37
128
129        <receiver
129-->[androidx.profileinstaller:profileinstaller:1.3.0] AndroidManifest.xml:34:9-52:20
130            android:name="androidx.profileinstaller.ProfileInstallReceiver"
130-->[androidx.profileinstaller:profileinstaller:1.3.0] AndroidManifest.xml:35:13-76
131            android:directBootAware="false"
131-->[androidx.profileinstaller:profileinstaller:1.3.0] AndroidManifest.xml:36:13-44
132            android:enabled="true"
132-->[androidx.profileinstaller:profileinstaller:1.3.0] AndroidManifest.xml:37:13-35
133            android:exported="true"
133-->[androidx.profileinstaller:profileinstaller:1.3.0] AndroidManifest.xml:38:13-36
134            android:permission="android.permission.DUMP" >
134-->[androidx.profileinstaller:profileinstaller:1.3.0] AndroidManifest.xml:39:13-57
135            <intent-filter>
135-->[androidx.profileinstaller:profileinstaller:1.3.0] AndroidManifest.xml:40:13-42:29
136                <action android:name="androidx.profileinstaller.action.INSTALL_PROFILE" />
136-->[androidx.profileinstaller:profileinstaller:1.3.0] AndroidManifest.xml:41:17-91
136-->[androidx.profileinstaller:profileinstaller:1.3.0] AndroidManifest.xml:41:25-88
137            </intent-filter>
138            <intent-filter>
138-->[androidx.profileinstaller:profileinstaller:1.3.0] AndroidManifest.xml:43:13-45:29
139                <action android:name="androidx.profileinstaller.action.SKIP_FILE" />
139-->[androidx.profileinstaller:profileinstaller:1.3.0] AndroidManifest.xml:44:17-85
139-->[androidx.profileinstaller:profileinstaller:1.3.0] AndroidManifest.xml:44:25-82
140            </intent-filter>
141            <intent-filter>
141-->[androidx.profileinstaller:profileinstaller:1.3.0] AndroidManifest.xml:46:13-48:29
142                <action android:name="androidx.profileinstaller.action.SAVE_PROFILE" />
142-->[androidx.profileinstaller:profileinstaller:1.3.0] AndroidManifest.xml:47:17-88
142-->[androidx.profileinstaller:profileinstaller:1.3.0] AndroidManifest.xml:47:25-85
143            </intent-filter>
144            <intent-filter>
144-->[androidx.profileinstaller:profileinstaller:1.3.0] AndroidManifest.xml:49:13-51:29
145                <action android:name="androidx.profileinstaller.action.BENCHMARK_OPERATION" />
145-->[androidx.profileinstaller:profileinstaller:1.3.0] AndroidManifest.xml:50:17-95
145-->[androidx.profileinstaller:profileinstaller:1.3.0] AndroidManifest.xml:50:25-92
146            </intent-filter>
147        </receiver>
148    </application>
149
150</manifest>